<?xml version="1.0" encoding="UTF-8"?>
<testng-results ignored="0" total="1" passed="1" failed="0" skipped="0">
  <reporter-output>
  </reporter-output>
  <suite started-at="2023-08-04T18:30:21 IST" name="Default suite" finished-at="2023-08-04T18:30:26 IST" duration-ms="4852">
    <groups>
    </groups>
    <test started-at="2023-08-04T18:30:21 IST" name="Default test" finished-at="2023-08-04T18:30:26 IST" duration-ms="4852">
      <class name="locatorsExamples.ListExample">
        <test-method is-config="true" signature="beforeClass()[pri:0, instance:locatorsExamples.ListExample@59505b48]" started-at="2023-08-04T18:30:21 IST" name="beforeClass" finished-at="2023-08-04T18:30:24 IST" duration-ms="3224" status="PASS">
          <reporter-output>
          </reporter-output>
        </test-method> <!-- beforeClass -->
        <test-method signature="f()[pri:0, instance:locatorsExamples.ListExample@59505b48]" started-at="2023-08-04T18:30:24 IST" name="f" finished-at="2023-08-04T18:30:26 IST" duration-ms="1523" status="PASS">
          <reporter-output>
          </reporter-output>
        </test-method> <!-- f -->
      </class> <!-- locatorsExamples.ListExample -->
    </test> <!-- Default test -->
  </suite> <!-- Default suite -->
</testng-results>
